<?xml version="1.0" encoding="UTF-8"?>
<!-- Generated by org.testng.reporters.JUnitXMLReporter -->
<testsuite hostname="Lenovo" ignored="0" name="Default test" tests="3" failures="0" timestamp="10 Jan 2022 12:42:34 GMT" time="16.327" errors="0">
  <testcase name="loginPage" time="0.338" classname="com.testng.demo.test.Testng1"/>
  <testcase name="storage" time="0.137" classname="com.testng.demo.test.Testng1"/>
  <testcase name="cookieTest" time="0.045" classname="com.testng.demo.test.Testng1"/>
</testsuite> <!-- Default test -->
