<?xml version="1.0" encoding="UTF-8"?>
<!-- Generated by org.testng.reporters.JUnitXMLReporter -->
<testsuite hostname="Lenovo" ignored="2" name="Test1" tests="4" failures="0" timestamp="29 Jan 2022 11:09:46 GMT" time="34.3" errors="0">
  <testcase name="loginPage" time="0.666" classname="com.testng.demo.test.Testng1"/>
  <testcase name="loginMultipleValuePassing" time="0.665" classname="com.testng.demo.test.Testng1"/>
  <testcase name="loginMultipleValuePassing" time="0.542" classname="com.testng.demo.test.Testng1"/>
  <testcase name="loginMultipleValuePassing" time="0.418" classname="com.testng.demo.test.Testng1"/>
  <testcase name="loginPassValue" time="0.0" classname="com.testng.demo.test.Testng1">
    <ignored/>
  </testcase> <!-- loginPassValue -->
  <testcase name="cookieTest" time="0.0" classname="com.testng.demo.test.Testng1">
    <ignored/>
  </testcase> <!-- cookieTest -->
</testsuite> <!-- Test1 -->
