<?xml version="1.0" encoding="UTF-8"?>
<!-- Generated by org.testng.reporters.JUnitXMLReporter -->
<testsuite hostname="Lenovo" ignored="1" name="Test1" tests="5" failures="0" timestamp="29 Jan 2022 14:29:50 GMT" time="102.727" errors="0">
  <testcase name="@BeforeClass start" time="102.44" classname="com.testng.demo.test.Testng1">
    <failure type="org.openqa.selenium.TimeoutException" message="No connection could be made because the target machine actively refused it. (os error 10061)
Build info: version: &amp;apos;3.141.59&amp;apos;, revision: &amp;apos;e82be7d358&amp;apos;, time: &amp;apos;2018-11-14T08:17:03&amp;apos;
System info: host: &amp;apos;LENOVO&amp;apos;, ip: &amp;apos;192.168.29.51&amp;apos;, os.name: &amp;apos;Windows 10&amp;apos;, os.arch: &amp;apos;amd64&amp;apos;, os.version: &amp;apos;10.0&amp;apos;, java.version: &amp;apos;1.8.0_202&amp;apos;
Driver info: driver.version: FirefoxDriver
remote stacktrace: ">
      <![CDATA[org.openqa.selenium.TimeoutException: No connection could be made because the target machine actively refused it. (os error 10061)
Build info: version: '3.141.59', revision: 'e82be7d358', time: '2018-11-14T08:17:03'
System info: host: 'LENOVO', ip: '192.168.29.51', os.name: 'Windows 10', os.arch: 'amd64', os.version: '10.0', java.version: '1.8.0_202'
Driver info: driver.version: FirefoxDriver
remote stacktrace: 
at org.openqa.selenium.remote.W3CHandshakeResponse.lambda$errorHandler$0(W3CHandshakeResponse.java:62)
at org.openqa.selenium.remote.HandshakeResponse.lambda$getResponseFunction$0(HandshakeResponse.java:30)
at org.openqa.selenium.remote.ProtocolHandshake.lambda$createSession$0(ProtocolHandshake.java:126)
at java.util.stream.ReferencePipeline$3$1.accept(Unknown Source)
at java.util.Spliterators$ArraySpliterator.tryAdvance(Unknown Source)
at java.util.stream.ReferencePipeline.forEachWithCancel(Unknown Source)
at java.util.stream.AbstractPipeline.copyIntoWithCancel(Unknown Source)
at java.util.stream.AbstractPipeline.copyInto(Unknown Source)
at java.util.stream.AbstractPipeline.wrapAndCopyInto(Unknown Source)
at java.util.stream.FindOps$FindOp.evaluateSequential(Unknown Source)
at java.util.stream.AbstractPipeline.evaluate(Unknown Source)
at java.util.stream.ReferencePipeline.findFirst(Unknown Source)
at org.openqa.selenium.remote.ProtocolHandshake.createSession(ProtocolHandshake.java:128)
at org.openqa.selenium.remote.ProtocolHandshake.createSession(ProtocolHandshake.java:74)
at org.openqa.selenium.remote.HttpCommandExecutor.execute(HttpCommandExecutor.java:136)
at org.openqa.selenium.remote.service.DriverCommandExecutor.execute(DriverCommandExecutor.java:83)
at org.openqa.selenium.remote.RemoteWebDriver.execute(RemoteWebDriver.java:552)
at org.openqa.selenium.remote.RemoteWebDriver.startSession(RemoteWebDriver.java:213)
at org.openqa.selenium.remote.RemoteWebDriver.<init>(RemoteWebDriver.java:131)
at org.openqa.selenium.firefox.FirefoxDriver.<init>(FirefoxDriver.java:147)
at org.openqa.selenium.firefox.FirefoxDriver.<init>(FirefoxDriver.java:125)
at com.testng.demo.test.Testng1.start(Testng1.java:34)
at java.util.concurrent.FutureTask.run(Unknown Source)
at java.util.concurrent.ThreadPoolExecutor.runWorker(Unknown Source)
at java.util.concurrent.ThreadPoolExecutor$Worker.run(Unknown Source)
at java.lang.Thread.run(Unknown Source)
... Removed 21 stack frames]]>
    </failure>
  </testcase> <!-- @BeforeClass start -->
  <testcase name="@BeforeMethod startTime" time="0.0" classname="com.testng.demo.test.Testng1">
    <skipped/>
  </testcase> <!-- @BeforeMethod startTime -->
  <testcase name="@AfterMethod endTime" time="0.0" classname="com.testng.demo.test.Testng1">
    <skipped/>
  </testcase> <!-- @AfterMethod endTime -->
  <testcase name="@BeforeMethod startTime" time="0.0" classname="com.testng.demo.test.Testng1">
    <skipped/>
  </testcase> <!-- @BeforeMethod startTime -->
  <testcase name="@AfterMethod endTime" time="0.0" classname="com.testng.demo.test.Testng1">
    <skipped/>
  </testcase> <!-- @AfterMethod endTime -->
  <testcase name="@BeforeMethod startTime" time="0.0" classname="com.testng.demo.test.Testng1">
    <skipped/>
  </testcase> <!-- @BeforeMethod startTime -->
  <testcase name="@AfterMethod endTime" time="0.0" classname="com.testng.demo.test.Testng1">
    <skipped/>
  </testcase> <!-- @AfterMethod endTime -->
  <testcase name="@BeforeMethod startTime" time="0.0" classname="com.testng.demo.test.Testng1">
    <skipped/>
  </testcase> <!-- @BeforeMethod startTime -->
  <testcase name="@AfterMethod endTime" time="0.0" classname="com.testng.demo.test.Testng1">
    <skipped/>
  </testcase> <!-- @AfterMethod endTime -->
  <testcase name="@BeforeMethod startTime" time="0.0" classname="com.testng.demo.test.Testng1">
    <skipped/>
  </testcase> <!-- @BeforeMethod startTime -->
  <testcase name="@AfterMethod endTime" time="0.0" classname="com.testng.demo.test.Testng1">
    <skipped/>
  </testcase> <!-- @AfterMethod endTime -->
  <testcase name="@AfterClass end" time="0.0" classname="com.testng.demo.test.Testng1">
    <skipped/>
  </testcase> <!-- @AfterClass end -->
  <testcase name="loginPage" time="0.0" classname="com.testng.demo.test.Testng1">
    <skipped/>
  </testcase> <!-- loginPage -->
  <testcase name="loginPassValue" time="0.0" classname="com.testng.demo.test.Testng1">
    <skipped/>
  </testcase> <!-- loginPassValue -->
  <testcase name="loginMultipleValuePassing" time="0.0" classname="com.testng.demo.test.Testng1">
    <skipped/>
  </testcase> <!-- loginMultipleValuePassing -->
  <testcase name="loginMultipleValuePassing" time="0.0" classname="com.testng.demo.test.Testng1">
    <skipped/>
  </testcase> <!-- loginMultipleValuePassing -->
  <testcase name="loginMultipleValuePassing" time="0.0" classname="com.testng.demo.test.Testng1">
    <skipped/>
  </testcase> <!-- loginMultipleValuePassing -->
  <testcase name="cookieTest" time="0.0" classname="com.testng.demo.test.Testng1">
    <ignored/>
  </testcase> <!-- cookieTest -->
</testsuite> <!-- Test1 -->
