<?xml version="1.0" encoding="UTF-8"?>
<!-- Generated by org.testng.reporters.JUnitXMLReporter -->
<testsuite hostname="Lenovo" ignored="2" name="Test" tests="2" failures="0" timestamp="29 Jan 2022 14:36:43 GMT" time="59.896" errors="0">
  <testcase name="test1" time="34.105" classname="com.testng.demo.test.Testng2"/>
  <testcase name="test3" time="25.679" classname="com.testng.demo.test.Testng2"/>
  <testcase name="test4" time="0.0" classname="com.testng.demo.test.Testng2">
    <ignored/>
  </testcase> <!-- test4 -->
  <testcase name="test2" time="0.0" classname="com.testng.demo.test.Testng2">
    <ignored/>
  </testcase> <!-- test2 -->
</testsuite> <!-- Test -->
