<?xml version="1.0" encoding="UTF-8"?>
<!-- Generated by org.testng.reporters.JUnitXMLReporter -->
<testsuite hostname="Lenovo" ignored="3" name="Test" tests="5" failures="0" timestamp="28 Jan 2022 05:42:36 GMT" time="39.587" errors="0">
  <testcase name="test1" time="18.034" classname="com.testng.demo.test.Testng2"/>
  <testcase name="loginPage" time="1.615" classname="com.testng.demo.test.Testng1"/>
  <testcase name="loginMultipleValuePassing" time="2.334" classname="com.testng.demo.test.Testng1"/>
  <testcase name="loginMultipleValuePassing" time="0.6" classname="com.testng.demo.test.Testng1"/>
  <testcase name="loginMultipleValuePassing" time="1.195" classname="com.testng.demo.test.Testng1"/>
  <testcase name="storage" time="0.0" classname="com.testng.demo.test.Testng1">
    <ignored/>
  </testcase> <!-- storage -->
  <testcase name="loginPassValue" time="0.0" classname="com.testng.demo.test.Testng1">
    <ignored/>
  </testcase> <!-- loginPassValue -->
  <testcase name="cookieTest" time="0.0" classname="com.testng.demo.test.Testng1">
    <ignored/>
  </testcase> <!-- cookieTest -->
</testsuite> <!-- Test -->
