<?xml version="1.0" encoding="UTF-8"?>
<testng-results skipped="0" failed="0" ignored="0" total="1" passed="1">
  <reporter-output>
  </reporter-output>
  <suite name="Suite" duration-ms="64853" started-at="2022-02-07T14:48:09Z" finished-at="2022-02-07T14:49:13Z">
    <groups>
    </groups>
    <test name="Test" duration-ms="64853" started-at="2022-02-07T14:48:09Z" finished-at="2022-02-07T14:49:13Z">
      <class name="com.testng.demo.test.Staging">
        <test-method status="PASS" signature="before()[pri:0, instance:com.testng.demo.test.Staging@7d68ef40]" name="before" is-config="true" duration-ms="31694" started-at="2022-02-07T14:48:09Z" finished-at="2022-02-07T14:48:40Z">
          <reporter-output>
          </reporter-output>
        </test-method> <!-- before -->
        <test-method status="PASS" signature="login()[pri:0, instance:com.testng.demo.test.Staging@7d68ef40]" name="login" duration-ms="32881" started-at="2022-02-07T14:48:41Z" finished-at="2022-02-07T14:49:13Z">
          <reporter-output>
          </reporter-output>
        </test-method> <!-- login -->
      </class> <!-- com.testng.demo.test.Staging -->
    </test> <!-- Test -->
  </suite> <!-- Suite -->
</testng-results>
